[INFO] Scanning for projects...
[INFO] 
[INFO] ---------< de.codescape.jira.plugins:scrum-poker-performance >----------
[INFO] Building Performance Tests for Scrum Poker for Jira 0.1.0
[INFO] --------------------------------[ jar ]---------------------------------
[INFO] 
[INFO] --- properties-maven-plugin:1.0.0:write-project-properties (default) @ scrum-poker-performance ---
[INFO] 
[INFO] --- maven-resources-plugin:2.6:resources (default-resources) @ scrum-poker-performance ---
[INFO] Using 'UTF-8' encoding to copy filtered resources.
[INFO] Copying 0 resource
[INFO] 
[INFO] --- maven-compiler-plugin:3.1:compile (default-compile) @ scrum-poker-performance ---
[INFO] Nothing to compile - all classes are up to date
[INFO] 
[INFO] --- maven-resources-plugin:2.6:testResources (default-testResources) @ scrum-poker-performance ---
[INFO] Using 'UTF-8' encoding to copy filtered resources.
[INFO] Copying 0 resource
[INFO] 
[INFO] --- maven-compiler-plugin:3.1:testCompile (default-testCompile) @ scrum-poker-performance ---
[INFO] Nothing to compile - all classes are up to date
[INFO] 
[INFO] --- maven-surefire-plugin:2.12.4:test (default-test) @ scrum-poker-performance ---
[INFO] Surefire report directory: /Users/stefanglase/Projects/codescape/jira-scrum-poker/etc/scrum-poker-performance/target/surefire-reports

-------------------------------------------------------
 T E S T S
-------------------------------------------------------
Running de.codescape.jira.plugins.scrumpoker.plugin.StartScrumPokerPerformanceTest
LoginPage	http://jira-cluster-810-lb:1810/login.jsp	1540
ScrumPokerPage	http://jira-cluster-810-lb:1810/secure/ScrumPoker.jspa?issueKey=SAM-1	974
ScrumPokerPage	http://jira-cluster-810-lb:1810/secure/ScrumPoker.jspa?issueKey=SAM-1	343
ScrumPokerPage	http://jira-cluster-810-lb:1810/secure/ScrumPoker.jspa?issueKey=SAM-1	308
ScrumPokerPage	http://jira-cluster-810-lb:1810/secure/ScrumPoker.jspa?issueKey=SAM-1	311
ScrumPokerPage	http://jira-cluster-810-lb:1810/secure/ScrumPoker.jspa?issueKey=SAM-1	308
ScrumPokerPage	http://jira-cluster-810-lb:1810/secure/ScrumPoker.jspa?issueKey=SAM-1	303
ScrumPokerPage	http://jira-cluster-810-lb:1810/secure/ScrumPoker.jspa?issueKey=SAM-1	272
ScrumPokerPage	http://jira-cluster-810-lb:1810/secure/ScrumPoker.jspa?issueKey=SAM-1	293
ScrumPokerPage	http://jira-cluster-810-lb:1810/secure/ScrumPoker.jspa?issueKey=SAM-1	279
ScrumPokerPage	http://jira-cluster-810-lb:1810/secure/ScrumPoker.jspa?issueKey=SAM-1	284
Tests run: 1, Failures: 0, Errors: 0, Skipped: 0, Time elapsed: 10.011 sec
Running de.codescape.jira.plugins.scrumpoker.plugin.ScrumPokerSessionsPerformanceTest
LoginPage	http://jira-cluster-810-lb:1810/login.jsp	1796
ScrumPokerSessionsPage	http://jira-cluster-810-lb:1810/secure/ScrumPokerSessions.jspa	724
ScrumPokerSessionsPage	http://jira-cluster-810-lb:1810/secure/ScrumPokerSessions.jspa	262
ScrumPokerSessionsPage	http://jira-cluster-810-lb:1810/secure/ScrumPokerSessions.jspa	255
ScrumPokerSessionsPage	http://jira-cluster-810-lb:1810/secure/ScrumPokerSessions.jspa	252
ScrumPokerSessionsPage	http://jira-cluster-810-lb:1810/secure/ScrumPokerSessions.jspa	236
ScrumPokerSessionsPage	http://jira-cluster-810-lb:1810/secure/ScrumPokerSessions.jspa	233
ScrumPokerSessionsPage	http://jira-cluster-810-lb:1810/secure/ScrumPokerSessions.jspa	246
ScrumPokerSessionsPage	http://jira-cluster-810-lb:1810/secure/ScrumPokerSessions.jspa	233
ScrumPokerSessionsPage	http://jira-cluster-810-lb:1810/secure/ScrumPokerSessions.jspa	303
ScrumPokerSessionsPage	http://jira-cluster-810-lb:1810/secure/ScrumPokerSessions.jspa	233
Tests run: 1, Failures: 0, Errors: 0, Skipped: 0, Time elapsed: 8.65 sec
Running de.codescape.jira.plugins.scrumpoker.regression.DashboardPerformanceTest
LoginPage	http://jira-cluster-810-lb:1810/login.jsp	1319
DashboardPage	http://jira-cluster-810-lb:1810/secure/Dashboard.jspa	487
DashboardPage	http://jira-cluster-810-lb:1810/secure/Dashboard.jspa	525
DashboardPage	http://jira-cluster-810-lb:1810/secure/Dashboard.jspa	518
DashboardPage	http://jira-cluster-810-lb:1810/secure/Dashboard.jspa	511
DashboardPage	http://jira-cluster-810-lb:1810/secure/Dashboard.jspa	466
DashboardPage	http://jira-cluster-810-lb:1810/secure/Dashboard.jspa	491
DashboardPage	http://jira-cluster-810-lb:1810/secure/Dashboard.jspa	472
DashboardPage	http://jira-cluster-810-lb:1810/secure/Dashboard.jspa	408
DashboardPage	http://jira-cluster-810-lb:1810/secure/Dashboard.jspa	448
DashboardPage	http://jira-cluster-810-lb:1810/secure/Dashboard.jspa	408
Tests run: 1, Failures: 0, Errors: 0, Skipped: 0, Time elapsed: 9.316 sec
Running de.codescape.jira.plugins.scrumpoker.regression.IssueDetailPerformanceTest
LoginPage	http://jira-cluster-810-lb:1810/login.jsp	1663
IssueDetailPage	http://jira-cluster-810-lb:1810/browse/SAM-1	5411
IssueDetailPage	http://jira-cluster-810-lb:1810/browse/SAM-1	784
IssueDetailPage	http://jira-cluster-810-lb:1810/browse/SAM-1	678
IssueDetailPage	http://jira-cluster-810-lb:1810/browse/SAM-1	677
IssueDetailPage	http://jira-cluster-810-lb:1810/browse/SAM-1	654
IssueDetailPage	http://jira-cluster-810-lb:1810/browse/SAM-1	695
IssueDetailPage	http://jira-cluster-810-lb:1810/browse/SAM-1	705
IssueDetailPage	http://jira-cluster-810-lb:1810/browse/SAM-1	724
IssueDetailPage	http://jira-cluster-810-lb:1810/browse/SAM-1	646
IssueDetailPage	http://jira-cluster-810-lb:1810/browse/SAM-1	760
Tests run: 1, Failures: 0, Errors: 0, Skipped: 0, Time elapsed: 17.213 sec
Running de.codescape.jira.plugins.scrumpoker.regression.IssueSearchPerformanceTest
LoginPage	http://jira-cluster-810-lb:1810/login.jsp	1441
IssueSearchPage	http://jira-cluster-810-lb:1810/issues/?jql=	1000
IssueSearchPage	http://jira-cluster-810-lb:1810/issues/?jql=	654
IssueSearchPage	http://jira-cluster-810-lb:1810/issues/?jql=	615
IssueSearchPage	http://jira-cluster-810-lb:1810/issues/?jql=	577
IssueSearchPage	http://jira-cluster-810-lb:1810/issues/?jql=	568
IssueSearchPage	http://jira-cluster-810-lb:1810/issues/?jql=	576
IssueSearchPage	http://jira-cluster-810-lb:1810/issues/?jql=	587
IssueSearchPage	http://jira-cluster-810-lb:1810/issues/?jql=	601
IssueSearchPage	http://jira-cluster-810-lb:1810/issues/?jql=	605
IssueSearchPage	http://jira-cluster-810-lb:1810/issues/?jql=	729
Tests run: 1, Failures: 0, Errors: 0, Skipped: 0, Time elapsed: 11.622 sec
Running de.codescape.jira.plugins.scrumpoker.regression.BrowseProjectPerformanceTest
LoginPage	http://jira-cluster-810-lb:1810/login.jsp	1303
BrowseProjectPage	http://jira-cluster-810-lb:1810/browse/SAM/issues	907
BrowseProjectPage	http://jira-cluster-810-lb:1810/browse/SAM/issues	657
BrowseProjectPage	http://jira-cluster-810-lb:1810/browse/SAM/issues	551
BrowseProjectPage	http://jira-cluster-810-lb:1810/browse/SAM/issues	584
BrowseProjectPage	http://jira-cluster-810-lb:1810/browse/SAM/issues	449
BrowseProjectPage	http://jira-cluster-810-lb:1810/browse/SAM/issues	591
BrowseProjectPage	http://jira-cluster-810-lb:1810/browse/SAM/issues	510
BrowseProjectPage	http://jira-cluster-810-lb:1810/browse/SAM/issues	580
BrowseProjectPage	http://jira-cluster-810-lb:1810/browse/SAM/issues	496
BrowseProjectPage	http://jira-cluster-810-lb:1810/browse/SAM/issues	532
Tests run: 1, Failures: 0, Errors: 0, Skipped: 0, Time elapsed: 10.343 sec
Running de.codescape.jira.plugins.scrumpoker.regression.AgileBoardPerformanceTest
LoginPage	http://jira-cluster-810-lb:1810/login.jsp	1341
AgileBoardPage	http://jira-cluster-810-lb:1810/secure/RapidBoard.jspa?projectKey=SAM&rapidView=1&view=planning	952
AgileBoardPage	http://jira-cluster-810-lb:1810/secure/RapidBoard.jspa?projectKey=SAM&rapidView=1&view=planning	563
AgileBoardPage	http://jira-cluster-810-lb:1810/secure/RapidBoard.jspa?projectKey=SAM&rapidView=1&view=planning	522
AgileBoardPage	http://jira-cluster-810-lb:1810/secure/RapidBoard.jspa?projectKey=SAM&rapidView=1&view=planning	480
AgileBoardPage	http://jira-cluster-810-lb:1810/secure/RapidBoard.jspa?projectKey=SAM&rapidView=1&view=planning	376
AgileBoardPage	http://jira-cluster-810-lb:1810/secure/RapidBoard.jspa?projectKey=SAM&rapidView=1&view=planning	537
AgileBoardPage	http://jira-cluster-810-lb:1810/secure/RapidBoard.jspa?projectKey=SAM&rapidView=1&view=planning	525
AgileBoardPage	http://jira-cluster-810-lb:1810/secure/RapidBoard.jspa?projectKey=SAM&rapidView=1&view=planning	464
AgileBoardPage	http://jira-cluster-810-lb:1810/secure/RapidBoard.jspa?projectKey=SAM&rapidView=1&view=planning	538
AgileBoardPage	http://jira-cluster-810-lb:1810/secure/RapidBoard.jspa?projectKey=SAM&rapidView=1&view=planning	518
Tests run: 1, Failures: 0, Errors: 0, Skipped: 0, Time elapsed: 10.444 sec

Results :

Tests run: 7, Failures: 0, Errors: 0, Skipped: 0

[INFO] 
[INFO] --- maven-jar-plugin:2.4:jar (default-jar) @ scrum-poker-performance ---
[INFO] ------------------------------------------------------------------------
[INFO] BUILD SUCCESS
[INFO] ------------------------------------------------------------------------
[INFO] Total time:  01:19 min
[INFO] Finished at: 2019-04-12T20:39:10+02:00
[INFO] ------------------------------------------------------------------------
