[INFO] Scanning for projects...
[INFO] 
[INFO] ---------< de.codescape.jira.plugins:scrum-poker-performance >----------
[INFO] Building Performance Tests for Scrum Poker for Jira 0.1.0
[INFO] --------------------------------[ jar ]---------------------------------
[INFO] 
[INFO] --- properties-maven-plugin:1.0.0:write-project-properties (default) @ scrum-poker-performance ---
[INFO] 
[INFO] --- maven-resources-plugin:2.6:resources (default-resources) @ scrum-poker-performance ---
[INFO] Using 'UTF-8' encoding to copy filtered resources.
[INFO] Copying 0 resource
[INFO] 
[INFO] --- maven-compiler-plugin:3.1:compile (default-compile) @ scrum-poker-performance ---
[INFO] Nothing to compile - all classes are up to date
[INFO] 
[INFO] --- maven-resources-plugin:2.6:testResources (default-testResources) @ scrum-poker-performance ---
[INFO] Using 'UTF-8' encoding to copy filtered resources.
[INFO] Copying 0 resource
[INFO] 
[INFO] --- maven-compiler-plugin:3.1:testCompile (default-testCompile) @ scrum-poker-performance ---
[INFO] Nothing to compile - all classes are up to date
[INFO] 
[INFO] --- maven-surefire-plugin:2.12.4:test (default-test) @ scrum-poker-performance ---
[INFO] Surefire report directory: /Users/stefanglase/Projects/codescape/jira-scrum-poker/etc/scrum-poker-performance/target/surefire-reports

-------------------------------------------------------
 T E S T S
-------------------------------------------------------
Running de.codescape.jira.plugins.scrumpoker.plugin.StartScrumPokerPerformanceTest
LoginPage	http://jira-cluster-810-lb:1810/login.jsp	1663
ScrumPokerPage	http://jira-cluster-810-lb:1810/secure/ScrumPoker.jspa?issueKey=SAM-1	1107
ScrumPokerPage	http://jira-cluster-810-lb:1810/secure/ScrumPoker.jspa?issueKey=SAM-1	365
ScrumPokerPage	http://jira-cluster-810-lb:1810/secure/ScrumPoker.jspa?issueKey=SAM-1	320
ScrumPokerPage	http://jira-cluster-810-lb:1810/secure/ScrumPoker.jspa?issueKey=SAM-1	320
ScrumPokerPage	http://jira-cluster-810-lb:1810/secure/ScrumPoker.jspa?issueKey=SAM-1	315
ScrumPokerPage	http://jira-cluster-810-lb:1810/secure/ScrumPoker.jspa?issueKey=SAM-1	305
ScrumPokerPage	http://jira-cluster-810-lb:1810/secure/ScrumPoker.jspa?issueKey=SAM-1	283
ScrumPokerPage	http://jira-cluster-810-lb:1810/secure/ScrumPoker.jspa?issueKey=SAM-1	273
ScrumPokerPage	http://jira-cluster-810-lb:1810/secure/ScrumPoker.jspa?issueKey=SAM-1	291
ScrumPokerPage	http://jira-cluster-810-lb:1810/secure/ScrumPoker.jspa?issueKey=SAM-1	285
Tests run: 1, Failures: 0, Errors: 0, Skipped: 0, Time elapsed: 11.728 sec
Running de.codescape.jira.plugins.scrumpoker.plugin.ScrumPokerSessionsPerformanceTest
LoginPage	http://jira-cluster-810-lb:1810/login.jsp	1354
ScrumPokerSessionsPage	http://jira-cluster-810-lb:1810/secure/ScrumPokerSessions.jspa	685
ScrumPokerSessionsPage	http://jira-cluster-810-lb:1810/secure/ScrumPokerSessions.jspa	262
ScrumPokerSessionsPage	http://jira-cluster-810-lb:1810/secure/ScrumPokerSessions.jspa	248
ScrumPokerSessionsPage	http://jira-cluster-810-lb:1810/secure/ScrumPokerSessions.jspa	246
ScrumPokerSessionsPage	http://jira-cluster-810-lb:1810/secure/ScrumPokerSessions.jspa	240
ScrumPokerSessionsPage	http://jira-cluster-810-lb:1810/secure/ScrumPokerSessions.jspa	264
ScrumPokerSessionsPage	http://jira-cluster-810-lb:1810/secure/ScrumPokerSessions.jspa	233
ScrumPokerSessionsPage	http://jira-cluster-810-lb:1810/secure/ScrumPokerSessions.jspa	232
ScrumPokerSessionsPage	http://jira-cluster-810-lb:1810/secure/ScrumPokerSessions.jspa	234
ScrumPokerSessionsPage	http://jira-cluster-810-lb:1810/secure/ScrumPokerSessions.jspa	223
Tests run: 1, Failures: 0, Errors: 0, Skipped: 0, Time elapsed: 7.115 sec
Running de.codescape.jira.plugins.scrumpoker.regression.DashboardPerformanceTest
LoginPage	http://jira-cluster-810-lb:1810/login.jsp	1354
DashboardPage	http://jira-cluster-810-lb:1810/secure/Dashboard.jspa	563
DashboardPage	http://jira-cluster-810-lb:1810/secure/Dashboard.jspa	493
DashboardPage	http://jira-cluster-810-lb:1810/secure/Dashboard.jspa	544
DashboardPage	http://jira-cluster-810-lb:1810/secure/Dashboard.jspa	497
DashboardPage	http://jira-cluster-810-lb:1810/secure/Dashboard.jspa	530
DashboardPage	http://jira-cluster-810-lb:1810/secure/Dashboard.jspa	464
DashboardPage	http://jira-cluster-810-lb:1810/secure/Dashboard.jspa	468
DashboardPage	http://jira-cluster-810-lb:1810/secure/Dashboard.jspa	428
DashboardPage	http://jira-cluster-810-lb:1810/secure/Dashboard.jspa	496
DashboardPage	http://jira-cluster-810-lb:1810/secure/Dashboard.jspa	428
Tests run: 1, Failures: 0, Errors: 0, Skipped: 0, Time elapsed: 9.243 sec
Running de.codescape.jira.plugins.scrumpoker.regression.IssueDetailPerformanceTest
LoginPage	http://jira-cluster-810-lb:1810/login.jsp	1599
IssueDetailPage	http://jira-cluster-810-lb:1810/browse/SAM-1	3995
IssueDetailPage	http://jira-cluster-810-lb:1810/browse/SAM-1	618
IssueDetailPage	http://jira-cluster-810-lb:1810/browse/SAM-1	614
IssueDetailPage	http://jira-cluster-810-lb:1810/browse/SAM-1	618
IssueDetailPage	http://jira-cluster-810-lb:1810/browse/SAM-1	633
IssueDetailPage	http://jira-cluster-810-lb:1810/browse/SAM-1	610
IssueDetailPage	http://jira-cluster-810-lb:1810/browse/SAM-1	639
IssueDetailPage	http://jira-cluster-810-lb:1810/browse/SAM-1	732
IssueDetailPage	http://jira-cluster-810-lb:1810/browse/SAM-1	676
IssueDetailPage	http://jira-cluster-810-lb:1810/browse/SAM-1	597
Tests run: 1, Failures: 0, Errors: 0, Skipped: 0, Time elapsed: 14.867 sec
Running de.codescape.jira.plugins.scrumpoker.regression.IssueSearchPerformanceTest
LoginPage	http://jira-cluster-810-lb:1810/login.jsp	1249
IssueSearchPage	http://jira-cluster-810-lb:1810/issues/?jql=	2993
IssueSearchPage	http://jira-cluster-810-lb:1810/issues/?jql=	585
IssueSearchPage	http://jira-cluster-810-lb:1810/issues/?jql=	531
IssueSearchPage	http://jira-cluster-810-lb:1810/issues/?jql=	550
IssueSearchPage	http://jira-cluster-810-lb:1810/issues/?jql=	505
IssueSearchPage	http://jira-cluster-810-lb:1810/issues/?jql=	545
IssueSearchPage	http://jira-cluster-810-lb:1810/issues/?jql=	534
IssueSearchPage	http://jira-cluster-810-lb:1810/issues/?jql=	605
IssueSearchPage	http://jira-cluster-810-lb:1810/issues/?jql=	479
IssueSearchPage	http://jira-cluster-810-lb:1810/issues/?jql=	664
Tests run: 1, Failures: 0, Errors: 0, Skipped: 0, Time elapsed: 12.232 sec
Running de.codescape.jira.plugins.scrumpoker.regression.BrowseProjectPerformanceTest
LoginPage	http://jira-cluster-810-lb:1810/login.jsp	1349
BrowseProjectPage	http://jira-cluster-810-lb:1810/browse/SAM/issues	1211
BrowseProjectPage	http://jira-cluster-810-lb:1810/browse/SAM/issues	566
BrowseProjectPage	http://jira-cluster-810-lb:1810/browse/SAM/issues	621
BrowseProjectPage	http://jira-cluster-810-lb:1810/browse/SAM/issues	697
BrowseProjectPage	http://jira-cluster-810-lb:1810/browse/SAM/issues	739
BrowseProjectPage	http://jira-cluster-810-lb:1810/browse/SAM/issues	805
BrowseProjectPage	http://jira-cluster-810-lb:1810/browse/SAM/issues	483
BrowseProjectPage	http://jira-cluster-810-lb:1810/browse/SAM/issues	553
BrowseProjectPage	http://jira-cluster-810-lb:1810/browse/SAM/issues	531
BrowseProjectPage	http://jira-cluster-810-lb:1810/browse/SAM/issues	524
Tests run: 1, Failures: 0, Errors: 0, Skipped: 0, Time elapsed: 10.767 sec
Running de.codescape.jira.plugins.scrumpoker.regression.AgileBoardPerformanceTest
LoginPage	http://jira-cluster-810-lb:1810/login.jsp	1361
AgileBoardPage	http://jira-cluster-810-lb:1810/secure/RapidBoard.jspa?projectKey=SAM&rapidView=1&view=planning	3447
AgileBoardPage	http://jira-cluster-810-lb:1810/secure/RapidBoard.jspa?projectKey=SAM&rapidView=1&view=planning	401
AgileBoardPage	http://jira-cluster-810-lb:1810/secure/RapidBoard.jspa?projectKey=SAM&rapidView=1&view=planning	528
AgileBoardPage	http://jira-cluster-810-lb:1810/secure/RapidBoard.jspa?projectKey=SAM&rapidView=1&view=planning	471
AgileBoardPage	http://jira-cluster-810-lb:1810/secure/RapidBoard.jspa?projectKey=SAM&rapidView=1&view=planning	465
AgileBoardPage	http://jira-cluster-810-lb:1810/secure/RapidBoard.jspa?projectKey=SAM&rapidView=1&view=planning	526
AgileBoardPage	http://jira-cluster-810-lb:1810/secure/RapidBoard.jspa?projectKey=SAM&rapidView=1&view=planning	463
AgileBoardPage	http://jira-cluster-810-lb:1810/secure/RapidBoard.jspa?projectKey=SAM&rapidView=1&view=planning	468
AgileBoardPage	http://jira-cluster-810-lb:1810/secure/RapidBoard.jspa?projectKey=SAM&rapidView=1&view=planning	371
AgileBoardPage	http://jira-cluster-810-lb:1810/secure/RapidBoard.jspa?projectKey=SAM&rapidView=1&view=planning	461
Tests run: 1, Failures: 0, Errors: 0, Skipped: 0, Time elapsed: 12.582 sec

Results :

Tests run: 7, Failures: 0, Errors: 0, Skipped: 0

[INFO] 
[INFO] --- maven-jar-plugin:2.4:jar (default-jar) @ scrum-poker-performance ---
[INFO] ------------------------------------------------------------------------
[INFO] BUILD SUCCESS
[INFO] ------------------------------------------------------------------------
[INFO] Total time:  01:19 min
[INFO] Finished at: 2019-04-12T19:50:07+02:00
[INFO] ------------------------------------------------------------------------
